Flutter crash report; please file at https://github.com/flutter/flutter/issues.

## command

flutter --no-color run --machine --track-widget-creation --device-id=d5de2364 --dart-define=flutter.inspector.structuredErrors=true lib\main.dart

## exception

FormatException: FormatException: No ':' on line (at offset 12)

```
#0      parse (package:package_config/packages_file.dart:64:7)
#1      _parse (package:flutter_tools/src/dart/package_map.dart:17:10)
#2      PackageMap.load (package:flutter_tools/src/dart/package_map.dart:49:14)
#3      PackageMap.map (package:flutter_tools/src/dart/package_map.dart:53:5)
#4      new PackageUriMapper (package:flutter_tools/src/compile.dart:199:116)
#5      DefaultResidentCompiler._recompile (package:flutter_tools/src/compile.dart:647:26)
#6      _RecompileRequest._run (package:flutter_tools/src/compile.dart:408:16)
#7      _CompilationRequest.run (package:flutter_tools/src/compile.dart:388:30)
#8      DefaultResidentCompiler._handleCompilationRequest (package:flutter_tools/src/compile.dart:693:23)
#9      _rootRunUnary (dart:async/zone.dart:1192:38)
#10     _CustomZone.runUnary (dart:async/zone.dart:1085:19)
#11     _CustomZone.runUnaryGuarded (dart:async/zone.dart:987:7)
#12     _BufferingStreamSubscription._sendData (dart:async/stream_impl.dart:339:11)
#13     _DelayedData.perform (dart:async/stream_impl.dart:594:14)
#14     _StreamImplEvents.handleNext (dart:async/stream_impl.dart:710:11)
#15     _PendingEvents.schedule.<anonymous closure> (dart:async/stream_impl.dart:670:7)
#16     _rootRun (dart:async/zone.dart:1180:38)
#17     _CustomZone.run (dart:async/zone.dart:1077:19)
#18     _CustomZone.runGuarded (dart:async/zone.dart:979:7)
#19     _CustomZone.bindCallbackGuarded.<anonymous closure> (dart:async/zone.dart:1019:23)
#20     _rootRun (dart:async/zone.dart:1184:13)
#21     _CustomZone.run (dart:async/zone.dart:1077:19)
#22     _CustomZone.runGuarded (dart:async/zone.dart:979:7)
#23     _CustomZone.bindCallbackGuarded.<anonymous closure> (dart:async/zone.dart:1019:23)
#24     _microtaskLoop (dart:async/schedule_microtask.dart:43:21)
#25     _startMicrotaskLoop (dart:async/schedule_microtask.dart:52:5)
#26     _runPendingImmediateCallback (dart:isolate-patch/isolate_patch.dart:118:13)
#27     _RawReceivePortImpl._handleMessage (dart:isolate-patch/isolate_patch.dart:169:5)
```

## flutter doctor

```
[✓] Flutter (Channel stable, v1.17.5, on Microsoft Windows [Version 10.0.17763.1282], locale en-IN)
    • Flutter version 1.17.5 at C:\apps\flutter device\flutter
    • Framework revision 8af6b2f038 (12 days ago), 2020-06-30 12:53:55 -0700
    • Engine revision ee76268252
    • Dart version 2.8.4

[!] Android toolchain - develop for Android devices (Android SDK version 29.0.3)
    • Android SDK at C:\Users\Jiten Patel\AppData\Local\Android\sdk
    • Platform android-29, build-tools 29.0.3
    • Java binary at: C:\Program Files\Android\Android Studio\jre\bin\java
    • Java version OpenJDK Runtime Environment (build 1.8.0_242-release-1644-b01)
    ✗ Android license status unknown.
      Try re-installing or updating your Android SDK Manager.
      See https://developer.android.com/studio/#downloads or visit visit https://flutter.dev/docs/get-started/install/windows#android-setup for detailed instructions.

[✓] Android Studio (version 4.0)
    • Android Studio at C:\Program Files\Android\Android Studio
    • Flutter plugin version 46.0.2
    • Dart plugin version 193.7361
    • Java version OpenJDK Runtime Environment (build 1.8.0_242-release-1644-b01)

[✓] Connected device (1 available)
    • Redmi Note 9 Pro Max • d5de2364 • android-arm64 • Android 10 (API 29)

! Doctor found issues in 1 category.
```
